C:\Users\Tanmay\source\repos\Bartender\Bartender\ClientApp\dist\out-tsc\src\app\app.component.js
C:\Users\Tanmay\source\repos\Bartender\Bartender\ClientApp\dist\out-tsc\src\app\app.component.js.map
C:\Users\Tanmay\source\repos\Bartender\Bartender\ClientApp\dist\out-tsc\src\app\shared\product.service.js
C:\Users\Tanmay\source\repos\Bartender\Bartender\ClientApp\dist\out-tsc\src\app\shared\product.service.js.map
C:\Users\Tanmay\source\repos\Bartender\Bartender\ClientApp\dist\out-tsc\src\app\add-product\add-product.component.js
C:\Users\Tanmay\source\repos\Bartender\Bartender\ClientApp\dist\out-tsc\src\app\add-product\add-product.component.js.map
C:\Users\Tanmay\source\repos\Bartender\Bartender\ClientApp\dist\out-tsc\src\app\list-product\list-product.component.js
C:\Users\Tanmay\source\repos\Bartender\Bartender\ClientApp\dist\out-tsc\src\app\list-product\list-product.component.js.map
C:\Users\Tanmay\source\repos\Bartender\Bartender\ClientApp\dist\out-tsc\src\app\models\products.js
C:\Users\Tanmay\source\repos\Bartender\Bartender\ClientApp\dist\out-tsc\src\app\models\products.js.map
C:\Users\Tanmay\source\repos\Bartender\Bartender\ClientApp\dist\out-tsc\src\app\services\api.service.js
C:\Users\Tanmay\source\repos\Bartender\Bartender\ClientApp\dist\out-tsc\src\app\services\api.service.js.map
C:\Users\Tanmay\source\repos\Bartender\Bartender\ClientApp\dist\out-tsc\src\app\product-result\product-result.component.js
C:\Users\Tanmay\source\repos\Bartender\Bartender\ClientApp\dist\out-tsc\src\app\product-result\product-result.component.js.map
C:\Users\Tanmay\source\repos\Bartender\Bartender\ClientApp\dist\out-tsc\src\app\directives\numbers-only.directive.js
C:\Users\Tanmay\source\repos\Bartender\Bartender\ClientApp\dist\out-tsc\src\app\directives\numbers-only.directive.js.map
C:\Users\Tanmay\source\repos\Bartender\Bartender\ClientApp\dist\out-tsc\src\app\app.module.js
C:\Users\Tanmay\source\repos\Bartender\Bartender\ClientApp\dist\out-tsc\src\app\app.module.js.map
C:\Users\Tanmay\source\repos\Bartender\Bartender\ClientApp\dist\out-tsc\src\environments\environment.js
C:\Users\Tanmay\source\repos\Bartender\Bartender\ClientApp\dist\out-tsc\src\environments\environment.js.map
C:\Users\Tanmay\source\repos\Bartender\Bartender\ClientApp\dist\out-tsc\src\main.js
C:\Users\Tanmay\source\repos\Bartender\Bartender\ClientApp\dist\out-tsc\src\main.js.map
C:\Users\Tanmay\source\repos\Bartender\Bartender\ClientApp\dist\out-tsc\src\polyfills.js
C:\Users\Tanmay\source\repos\Bartender\Bartender\ClientApp\dist\out-tsc\src\polyfills.js.map
C:\Users\Tanmay\source\repos\Bartender\Bartender\ClientApp\dist\out-tsc\src\test.js
C:\Users\Tanmay\source\repos\Bartender\Bartender\ClientApp\dist\out-tsc\src\test.js.map
C:\Users\Tanmay\source\repos\Bartender\Bartender\ClientApp\dist\out-tsc\e2e\src\app.po.js
C:\Users\Tanmay\source\repos\Bartender\Bartender\ClientApp\dist\out-tsc\e2e\src\app.po.js.map
C:\Users\Tanmay\source\repos\Bartender\Bartender\ClientApp\dist\out-tsc\e2e\src\app.e2e-spec.js
C:\Users\Tanmay\source\repos\Bartender\Bartender\ClientApp\dist\out-tsc\e2e\src\app.e2e-spec.js.map
C:\Users\Tanmay\source\repos\Bartender\Bartender\ClientApp\dist\out-tsc\src\app\app.component.spec.js
C:\Users\Tanmay\source\repos\Bartender\Bartender\ClientApp\dist\out-tsc\src\app\app.component.spec.js.map
C:\Users\Tanmay\source\repos\Bartender\Bartender\ClientApp\dist\out-tsc\src\environments\environment.prod.js
C:\Users\Tanmay\source\repos\Bartender\Bartender\ClientApp\dist\out-tsc\src\environments\environment.prod.js.map
C:\Users\Tanmay\source\repos\Bartender\Bartender\ClientApp\dist\out-tsc\src\app\models\products.spec.js
C:\Users\Tanmay\source\repos\Bartender\Bartender\ClientApp\dist\out-tsc\src\app\models\products.spec.js.map
